android/app/build/intermediates/manifest_merge_blame_file/debug/manifest-merger-blame-debug-report.txt
1<?xml version="1.0" encoding="utf-8"?>
2<manifest xmlns:android="http://schemas.android.com/apk/res/android"
3    package="com.eduma.app"
4    android:versionCode="22"
5    android:versionName="2.0.4" >
6
7    <uses-sdk
8        android:minSdkVersion="23"
9        android:targetSdkVersion="34" />
10
11    <uses-permission android:name="android.permission.INTERNET" />
11-->src/main/AndroidManifest.xml:3:5-67
11-->src/main/AndroidManifest.xml:3:22-64
12    <uses-permission android:name="android.permission.CAMERA" />
12-->src/main/AndroidManifest.xml:4:5-64
12-->src/main/AndroidManifest.xml:4:22-62
13    <uses-permission android:name="android.permission.READ_MEDIA_IMAGES" />
13-->src/main/AndroidManifest.xml:5:5-76
13-->src/main/AndroidManifest.xml:5:22-73
14    <uses-permission android:name="android.permission.READ_EXTERNAL_STORAGE" />
14-->src/main/AndroidManifest.xml:6:5-79
14-->src/main/AndroidManifest.xml:6:22-77
15    <uses-permission android:name="android.permission.WRITE_EXTERNAL_STORAGE" />
15-->src/main/AndroidManifest.xml:7:5-80
15-->src/main/AndroidManifest.xml:7:22-78
16    <uses-permission android:name="android.permission.USE_FULL_SCREEN_INTENT" />
16-->src/main/AndroidManifest.xml:8:5-81
16-->src/main/AndroidManifest.xml:8:22-78
17    <uses-permission android:name="com.android.vending.BILLING" />
17-->src/main/AndroidManifest.xml:9:5-67
17-->src/main/AndroidManifest.xml:9:22-64
18    <uses-permission android:name="android.permission.ACCESS_NETWORK_STATE" />
18-->[:react-native-community_netinfo] AndroidManifest.xml:7:5-79
18-->[:react-native-community_netinfo] AndroidManifest.xml:7:22-76
19    <uses-permission android:name="android.permission.ACCESS_WIFI_STATE" />
19-->[:react-native-community_netinfo] AndroidManifest.xml:8:5-76
19-->[:react-native-community_netinfo] AndroidManifest.xml:8:22-73
20    <uses-permission android:name="android.permission.WAKE_LOCK" />
20-->[:react-native-firebase_messaging] AndroidManifest.xml:8:5-68
20-->[:react-native-firebase_messaging] AndroidManifest.xml:8:22-65
21
22    <queries>
22-->[:react-native-image-crop-picker] AndroidManifest.xml:7:5-11:15
23        <intent>
23-->[:react-native-image-crop-picker] AndroidManifest.xml:8:9-10:18
24            <action android:name="android.media.action.IMAGE_CAPTURE" />
24-->[:react-native-image-crop-picker] AndroidManifest.xml:9:13-73
24-->[:react-native-image-crop-picker] AndroidManifest.xml:9:21-70
25        </intent>
26        <intent>
26-->[com.android.billingclient:billing:7.0.0] AndroidManifest.xml:13:9-15:18
27            <action android:name="com.android.vending.billing.InAppBillingService.BIND" />
27-->[com.android.billingclient:billing:7.0.0] AndroidManifest.xml:14:13-91
27-->[com.android.billingclient:billing:7.0.0] AndroidManifest.xml:14:21-88
28        </intent>
29    </queries>
30    <!--
31    This manifest file is used only by Gradle to configure debug-only capabilities
32    for React Native Apps.
33    -->
34    <uses-permission android:name="android.permission.SYSTEM_ALERT_WINDOW" />
34-->[com.facebook.react:react-android:0.74.5] AndroidManifest.xml:16:5-78
34-->[com.facebook.react:react-android:0.74.5] AndroidManifest.xml:16:22-75
35    <uses-permission android:name="android.permission.RECEIVE_BOOT_COMPLETED" />
35-->[androidx.work:work-runtime:2.8.0] AndroidManifest.xml:25:5-81
35-->[androidx.work:work-runtime:2.8.0] AndroidManifest.xml:25:22-78
36    <uses-permission android:name="android.permission.FOREGROUND_SERVICE" /> <!-- Required by older versions of Google Play services to create IID tokens -->
36-->[androidx.work:work-runtime:2.8.0] AndroidManifest.xml:26:5-77
36-->[androidx.work:work-runtime:2.8.0] AndroidManifest.xml:26:22-74
37    <uses-permission android:name="com.google.android.c2dm.permission.RECEIVE" />
37-->[com.google.android.gms:play-services-iid:17.0.0] AndroidManifest.xml:23:5-82
37-->[com.google.android.gms:play-services-iid:17.0.0] AndroidManifest.xml:23:22-79
38    <uses-permission android:name="android.permission.POST_NOTIFICATIONS" />
38-->[com.google.firebase:firebase-messaging:24.0.0] AndroidManifest.xml:23:5-77
38-->[com.google.firebase:firebase-messaging:24.0.0] AndroidManifest.xml:23:22-74
39
40    <permission
40-->[androidx.core:core:1.9.0] AndroidManifest.xml:22:5-24:47
41        android:name="com.eduma.app.DYNAMIC_RECEIVER_NOT_EXPORTED_PERMISSION"
41-->[androidx.core:core:1.9.0] AndroidManifest.xml:23:9-81
42        android:protectionLevel="signature" />
42-->[androidx.core:core:1.9.0] AndroidManifest.xml:24:9-44
43
44    <uses-permission android:name="com.eduma.app.DYNAMIC_RECEIVER_NOT_EXPORTED_PERMISSION" />
44-->[androidx.core:core:1.9.0] AndroidManifest.xml:26:5-97
44-->[androidx.core:core:1.9.0] AndroidManifest.xml:26:22-94
45    <uses-permission android:name="android.permission.VIBRATE" />
45-->[app.notifee:core:202108261754] AndroidManifest.xml:13:5-66
45-->[app.notifee:core:202108261754] AndroidManifest.xml:13:22-63
46    <uses-permission android:name="android.permission.SCHEDULE_EXACT_ALARM" />
46-->[app.notifee:core:202108261754] AndroidManifest.xml:16:5-79
46-->[app.notifee:core:202108261754] AndroidManifest.xml:16:22-76
47    <uses-permission
47-->[app.notifee:core:202108261754] AndroidManifest.xml:17:5-19:38
48        android:name="android.permission.BROADCAST_CLOSE_SYSTEM_DIALOGS"
48-->[app.notifee:core:202108261754] AndroidManifest.xml:18:9-73
49        android:maxSdkVersion="30" /> <!-- For Xiaomi devices to enable heads-up notifications as default (https://github.com/invertase/notifee/issues/296) -->
49-->[app.notifee:core:202108261754] AndroidManifest.xml:19:9-35
50    <uses-permission
50-->[app.notifee:core:202108261754] AndroidManifest.xml:21:5-23:38
51        android:name="android.permission.ACCESS_NOTIFICATION_POLICY"
51-->[app.notifee:core:202108261754] AndroidManifest.xml:22:9-69
52        android:minSdkVersion="23" />
52-->[app.notifee:core:202108261754] AndroidManifest.xml:23:9-35
53    <uses-permission android:name="com.google.android.finsky.permission.BIND_GET_INSTALL_REFERRER_SERVICE" />
53-->[com.android.installreferrer:installreferrer:1.1.2] AndroidManifest.xml:9:5-110
53-->[com.android.installreferrer:installreferrer:1.1.2] AndroidManifest.xml:9:22-107
54
55    <application
55-->src/main/AndroidManifest.xml:12:5-36:19
56        android:name="com.eduma.app.MainApplication"
56-->src/main/AndroidManifest.xml:13:7-38
57        android:allowBackup="false"
57-->src/main/AndroidManifest.xml:16:7-34
58        android:appComponentFactory="androidx.core.app.CoreComponentFactory"
58-->[androidx.core:core:1.9.0] AndroidManifest.xml:28:18-86
59        android:debuggable="true"
60        android:extractNativeLibs="false"
61        android:icon="@mipmap/ic_launcher"
61-->src/main/AndroidManifest.xml:15:7-41
62        android:label="@string/app_name"
62-->src/main/AndroidManifest.xml:14:7-39
63        android:theme="@style/AppTheme"
63-->src/main/AndroidManifest.xml:17:7-38
64        android:usesCleartextTraffic="true" >
64-->src/debug/AndroidManifest.xml:6:9-44
65        <activity
65-->src/main/AndroidManifest.xml:18:7-35:18
66            android:name="com.eduma.app.MainActivity"
66-->src/main/AndroidManifest.xml:19:9-37
67            android:configChanges="keyboard|keyboardHidden|orientation|screenLayout|screenSize|smallestScreenSize|uiMode"
67-->src/main/AndroidManifest.xml:21:9-118
68            android:exported="true"
68-->src/main/AndroidManifest.xml:24:9-32
69            android:label="@string/app_name"
69-->src/main/AndroidManifest.xml:20:9-41
70            android:launchMode="singleTask"
70-->src/main/AndroidManifest.xml:22:9-40
71            android:windowSoftInputMode="adjustResize" >
71-->src/main/AndroidManifest.xml:23:9-51
72            <intent-filter>
72-->src/main/AndroidManifest.xml:25:9-28:25
73                <action android:name="android.intent.action.MAIN" />
73-->src/main/AndroidManifest.xml:26:13-65
73-->src/main/AndroidManifest.xml:26:21-62
74
75                <category android:name="android.intent.category.LAUNCHER" />
75-->src/main/AndroidManifest.xml:27:13-73
75-->src/main/AndroidManifest.xml:27:23-70
76            </intent-filter>
77            <intent-filter>
77-->src/main/AndroidManifest.xml:29:9-34:25
78                <action android:name="android.intent.action.VIEW" />
78-->src/main/AndroidManifest.xml:30:11-63
78-->src/main/AndroidManifest.xml:30:19-60
79
80                <category android:name="android.intent.category.DEFAULT" />
80-->src/main/AndroidManifest.xml:31:11-70
80-->src/main/AndroidManifest.xml:31:21-67
81                <category android:name="android.intent.category.BROWSABLE" />
81-->src/main/AndroidManifest.xml:32:11-72
81-->src/main/AndroidManifest.xml:32:21-69
82
83                <data android:scheme="edumaapp" />
83-->src/main/AndroidManifest.xml:33:11-45
83-->src/main/AndroidManifest.xml:33:17-42
84            </intent-filter>
85        </activity>
86
87        <provider
87-->[:notifee_react-native] AndroidManifest.xml:8:9-12:40
88            android:name="io.invertase.notifee.NotifeeInitProvider"
88-->[:notifee_react-native] AndroidManifest.xml:9:13-68
89            android:authorities="com.eduma.app.notifee-init-provider"
89-->[:notifee_react-native] AndroidManifest.xml:10:13-73
90            android:exported="false"
90-->[:notifee_react-native] AndroidManifest.xml:11:13-37
91            android:initOrder="-100" />
91-->[:notifee_react-native] AndroidManifest.xml:12:13-37
92
93        <service
93-->[:react-native-firebase_messaging] AndroidManifest.xml:12:9-14:40
94            android:name="io.invertase.firebase.messaging.ReactNativeFirebaseMessagingHeadlessService"
94-->[:react-native-firebase_messaging] AndroidManifest.xml:13:13-103
95            android:exported="false" />
95-->[:react-native-firebase_messaging] AndroidManifest.xml:14:13-37
96        <service
96-->[:react-native-firebase_messaging] AndroidManifest.xml:15:9-21:19
97            android:name="io.invertase.firebase.messaging.ReactNativeFirebaseMessagingService"
97-->[:react-native-firebase_messaging] AndroidManifest.xml:16:13-95
98            android:exported="false" >
98-->[:react-native-firebase_messaging] AndroidManifest.xml:17:13-37
99            <intent-filter>
99-->[:react-native-firebase_messaging] AndroidManifest.xml:18:13-20:29
100                <action android:name="com.google.firebase.MESSAGING_EVENT" />
100-->[:react-native-firebase_messaging] AndroidManifest.xml:19:17-78
100-->[:react-native-firebase_messaging] AndroidManifest.xml:19:25-75
101            </intent-filter>
102        </service>
103
104        <receiver
104-->[:react-native-firebase_messaging] AndroidManifest.xml:23:9-30:20
105            android:name="io.invertase.firebase.messaging.ReactNativeFirebaseMessagingReceiver"
105-->[:react-native-firebase_messaging] AndroidManifest.xml:24:13-96
106            android:exported="true"
106-->[:react-native-firebase_messaging] AndroidManifest.xml:25:13-36
107            android:permission="com.google.android.c2dm.permission.SEND" >
107-->[:react-native-firebase_messaging] AndroidManifest.xml:26:13-73
108            <intent-filter>
108-->[:react-native-firebase_messaging] AndroidManifest.xml:27:13-29:29
109                <action android:name="com.google.android.c2dm.intent.RECEIVE" />
109-->[:react-native-firebase_messaging] AndroidManifest.xml:28:17-81
109-->[:react-native-firebase_messaging] AndroidManifest.xml:28:25-78
110            </intent-filter>
111        </receiver>
112
113        <meta-data
113-->[:react-native-firebase_messaging] AndroidManifest.xml:32:9-34:36
114            android:name="firebase_messaging_auto_init_enabled"
114-->[:react-native-firebase_messaging] AndroidManifest.xml:33:13-64
115            android:value="true" />
115-->[:react-native-firebase_messaging] AndroidManifest.xml:34:13-33
116        <meta-data
116-->[:react-native-firebase_messaging] AndroidManifest.xml:35:9-37:32
117            android:name="com.google.firebase.messaging.default_notification_channel_id"
117-->[:react-native-firebase_messaging] AndroidManifest.xml:36:13-89
118            android:value="" />
118-->[:react-native-firebase_messaging] AndroidManifest.xml:37:13-29
119        <meta-data
119-->[:react-native-firebase_messaging] AndroidManifest.xml:38:9-40:47
120            android:name="com.google.firebase.messaging.default_notification_color"
120-->[:react-native-firebase_messaging] AndroidManifest.xml:39:13-84
121            android:resource="@color/white" />
121-->[:react-native-firebase_messaging] AndroidManifest.xml:40:13-44
122        <meta-data
122-->[:react-native-firebase_app] AndroidManifest.xml:9:9-11:36
123            android:name="app_data_collection_default_enabled"
123-->[:react-native-firebase_app] AndroidManifest.xml:10:13-63
124            android:value="true" />
124-->[:react-native-firebase_app] AndroidManifest.xml:11:13-33
125
126        <service
126-->[:react-native-firebase_app] AndroidManifest.xml:13:9-21:19
127            android:name="com.google.firebase.components.ComponentDiscoveryService"
127-->[:react-native-firebase_app] AndroidManifest.xml:14:13-84
128            android:directBootAware="true"
128-->[:react-native-firebase_app] AndroidManifest.xml:15:13-43
129            android:exported="false" >
129-->[:react-native-firebase_app] AndroidManifest.xml:16:13-37
130            <meta-data
130-->[:react-native-firebase_app] AndroidManifest.xml:18:13-20:85
131                android:name="com.google.firebase.components:io.invertase.firebase.app.ReactNativeFirebaseAppRegistrar"
131-->[:react-native-firebase_app] AndroidManifest.xml:19:17-120
132                android:value="com.google.firebase.components.ComponentRegistrar" />
132-->[:react-native-firebase_app] AndroidManifest.xml:20:17-82
133            <meta-data
133-->[com.google.firebase:firebase-messaging:24.0.0] AndroidManifest.xml:57:13-59:85
134                android:name="com.google.firebase.components:com.google.firebase.messaging.FirebaseMessagingKtxRegistrar"
134-->[com.google.firebase:firebase-messaging:24.0.0] AndroidManifest.xml:58:17-122
135                android:value="com.google.firebase.components.ComponentRegistrar" />
135-->[com.google.firebase:firebase-messaging:24.0.0] AndroidManifest.xml:59:17-82
136            <meta-data
136-->[com.google.firebase:firebase-messaging:24.0.0] AndroidManifest.xml:60:13-62:85
137                android:name="com.google.firebase.components:com.google.firebase.messaging.FirebaseMessagingRegistrar"
137-->[com.google.firebase:firebase-messaging:24.0.0] AndroidManifest.xml:61:17-119
138                android:value="com.google.firebase.components.ComponentRegistrar" />
138-->[com.google.firebase:firebase-messaging:24.0.0] AndroidManifest.xml:62:17-82
139            <meta-data
139-->[com.google.firebase:firebase-installations:18.0.0] AndroidManifest.xml:15:13-17:85
140                android:name="com.google.firebase.components:com.google.firebase.installations.FirebaseInstallationsKtxRegistrar"
140-->[com.google.firebase:firebase-installations:18.0.0] AndroidManifest.xml:16:17-130
141                android:value="com.google.firebase.components.ComponentRegistrar" />
141-->[com.google.firebase:firebase-installations:18.0.0] AndroidManifest.xml:17:17-82
142            <meta-data
142-->[com.google.firebase:firebase-installations:18.0.0] AndroidManifest.xml:18:13-20:85
143                android:name="com.google.firebase.components:com.google.firebase.installations.FirebaseInstallationsRegistrar"
143-->[com.google.firebase:firebase-installations:18.0.0] AndroidManifest.xml:19:17-127
144                android:value="com.google.firebase.components.ComponentRegistrar" />
144-->[com.google.firebase:firebase-installations:18.0.0] AndroidManifest.xml:20:17-82
145            <meta-data
145-->[com.google.firebase:firebase-common-ktx:21.0.0] AndroidManifest.xml:12:13-14:85
146                android:name="com.google.firebase.components:com.google.firebase.ktx.FirebaseCommonLegacyRegistrar"
146-->[com.google.firebase:firebase-common-ktx:21.0.0] AndroidManifest.xml:13:17-116
147                android:value="com.google.firebase.components.ComponentRegistrar" />
147-->[com.google.firebase:firebase-common-ktx:21.0.0] AndroidManifest.xml:14:17-82
148            <meta-data
148-->[com.google.firebase:firebase-common:21.0.0] AndroidManifest.xml:35:13-37:85
149                android:name="com.google.firebase.components:com.google.firebase.FirebaseCommonKtxRegistrar"
149-->[com.google.firebase:firebase-common:21.0.0] AndroidManifest.xml:36:17-109
150                android:value="com.google.firebase.components.ComponentRegistrar" />
150-->[com.google.firebase:firebase-common:21.0.0] AndroidManifest.xml:37:17-82
151            <meta-data
151-->[com.google.firebase:firebase-datatransport:18.2.0] AndroidManifest.xml:25:13-27:85
152                android:name="com.google.firebase.components:com.google.firebase.datatransport.TransportRegistrar"
152-->[com.google.firebase:firebase-datatransport:18.2.0] AndroidManifest.xml:26:17-115
153                android:value="com.google.firebase.components.ComponentRegistrar" />
153-->[com.google.firebase:firebase-datatransport:18.2.0] AndroidManifest.xml:27:17-82
154        </service>
155
156        <provider
156-->[:react-native-firebase_app] AndroidManifest.xml:23:9-27:38
157            android:name="io.invertase.firebase.app.ReactNativeFirebaseAppInitProvider"
157-->[:react-native-firebase_app] AndroidManifest.xml:24:13-88
158            android:authorities="com.eduma.app.reactnativefirebaseappinitprovider"
158-->[:react-native-firebase_app] AndroidManifest.xml:25:13-86
159            android:exported="false"
159-->[:react-native-firebase_app] AndroidManifest.xml:26:13-37
160            android:initOrder="99" />
160-->[:react-native-firebase_app] AndroidManifest.xml:27:13-35
161        <provider
161-->[:react-native-image-crop-picker] AndroidManifest.xml:16:9-24:20
162            android:name="com.reactnative.ivpusic.imagepicker.IvpusicImagePickerFileProvider"
162-->[:react-native-image-crop-picker] AndroidManifest.xml:17:13-94
163            android:authorities="com.eduma.app.provider"
163-->[:react-native-image-crop-picker] AndroidManifest.xml:18:13-60
164            android:exported="false"
164-->[:react-native-image-crop-picker] AndroidManifest.xml:19:13-37
165            android:grantUriPermissions="true" >
165-->[:react-native-image-crop-picker] AndroidManifest.xml:20:13-47
166            <meta-data
166-->[:react-native-image-crop-picker] AndroidManifest.xml:21:13-23:78
167                android:name="android.support.FILE_PROVIDER_PATHS"
167-->[:react-native-image-crop-picker] AndroidManifest.xml:22:17-67
168                android:resource="@xml/ivpusic_imagepicker_provider_paths" />
168-->[:react-native-image-crop-picker] AndroidManifest.xml:23:17-75
169        </provider>
170
171        <activity
171-->[:react-native-image-crop-picker] AndroidManifest.xml:26:9-28:72
172            android:name="com.yalantis.ucrop.UCropActivity"
172-->[:react-native-image-crop-picker] AndroidManifest.xml:27:13-60
173            android:theme="@style/Theme.AppCompat.Light.NoActionBar" />
173-->[:react-native-image-crop-picker] AndroidManifest.xml:28:13-69
174
175        <provider
175-->[:react-native-webview] AndroidManifest.xml:8:9-16:20
176            android:name="com.reactnativecommunity.webview.RNCWebViewFileProvider"
176-->[:react-native-webview] AndroidManifest.xml:9:13-83
177            android:authorities="com.eduma.app.fileprovider"
177-->[:react-native-webview] AndroidManifest.xml:10:13-64
178            android:exported="false"
178-->[:react-native-webview] AndroidManifest.xml:11:13-37
179            android:grantUriPermissions="true" >
179-->[:react-native-webview] AndroidManifest.xml:12:13-47
180            <meta-data
180-->[:react-native-image-crop-picker] AndroidManifest.xml:21:13-23:78
181                android:name="android.support.FILE_PROVIDER_PATHS"
181-->[:react-native-image-crop-picker] AndroidManifest.xml:22:17-67
182                android:resource="@xml/file_provider_paths" />
182-->[:react-native-image-crop-picker] AndroidManifest.xml:23:17-75
183        </provider>
184
185        <activity
185-->[com.facebook.react:react-android:0.74.5] AndroidManifest.xml:19:9-21:40
186            android:name="com.facebook.react.devsupport.DevSettingsActivity"
186-->[com.facebook.react:react-android:0.74.5] AndroidManifest.xml:20:13-77
187            android:exported="false" />
187-->[com.facebook.react:react-android:0.74.5] AndroidManifest.xml:21:13-37
188
189        <meta-data
189-->[com.github.bumptech.glide:okhttp3-integration:4.12.0] AndroidManifest.xml:11:9-13:43
190            android:name="com.bumptech.glide.integration.okhttp3.OkHttpGlideModule"
190-->[com.github.bumptech.glide:okhttp3-integration:4.12.0] AndroidManifest.xml:12:13-84
191            android:value="GlideModule" />
191-->[com.github.bumptech.glide:okhttp3-integration:4.12.0] AndroidManifest.xml:13:13-40
192
193        <provider
193-->[androidx.work:work-runtime:2.8.0] AndroidManifest.xml:29:9-37:20
194            android:name="androidx.startup.InitializationProvider"
194-->[androidx.work:work-runtime:2.8.0] AndroidManifest.xml:30:13-67
195            android:authorities="com.eduma.app.androidx-startup"
195-->[androidx.work:work-runtime:2.8.0] AndroidManifest.xml:31:13-68
196            android:exported="false" >
196-->[androidx.work:work-runtime:2.8.0] AndroidManifest.xml:32:13-37
197            <meta-data
197-->[androidx.work:work-runtime:2.8.0] AndroidManifest.xml:34:13-36:52
198                android:name="androidx.work.WorkManagerInitializer"
198-->[androidx.work:work-runtime:2.8.0] AndroidManifest.xml:35:17-68
199                android:value="androidx.startup" />
199-->[androidx.work:work-runtime:2.8.0] AndroidManifest.xml:36:17-49
200            <meta-data
200-->[androidx.emoji2:emoji2:1.2.0] AndroidManifest.xml:29:13-31:52
201                android:name="androidx.emoji2.text.EmojiCompatInitializer"
201-->[androidx.emoji2:emoji2:1.2.0] AndroidManifest.xml:30:17-75
202                android:value="androidx.startup" />
202-->[androidx.emoji2:emoji2:1.2.0] AndroidManifest.xml:31:17-49
203            <meta-data
203-->[androidx.lifecycle:lifecycle-process:2.4.1] AndroidManifest.xml:31:13-33:52
204                android:name="androidx.lifecycle.ProcessLifecycleInitializer"
204-->[androidx.lifecycle:lifecycle-process:2.4.1] AndroidManifest.xml:32:17-78
205                android:value="androidx.startup" />
205-->[androidx.lifecycle:lifecycle-process:2.4.1] AndroidManifest.xml:33:17-49
206        </provider>
207
208        <service
208-->[androidx.work:work-runtime:2.8.0] AndroidManifest.xml:39:9-45:35
209            android:name="androidx.work.impl.background.systemalarm.SystemAlarmService"
209-->[androidx.work:work-runtime:2.8.0] AndroidManifest.xml:40:13-88
210            android:directBootAware="false"
210-->[androidx.work:work-runtime:2.8.0] AndroidManifest.xml:41:13-44
211            android:enabled="@bool/enable_system_alarm_service_default"
211-->[androidx.work:work-runtime:2.8.0] AndroidManifest.xml:42:13-72
212            android:exported="false" />
212-->[androidx.work:work-runtime:2.8.0] AndroidManifest.xml:43:13-37
213        <service
213-->[androidx.work:work-runtime:2.8.0] AndroidManifest.xml:46:9-52:35
214            android:name="androidx.work.impl.background.systemjob.SystemJobService"
214-->[androidx.work:work-runtime:2.8.0] AndroidManifest.xml:47:13-84
215            android:directBootAware="false"
215-->[androidx.work:work-runtime:2.8.0] AndroidManifest.xml:48:13-44
216            android:enabled="@bool/enable_system_job_service_default"
216-->[androidx.work:work-runtime:2.8.0] AndroidManifest.xml:49:13-70
217            android:exported="true"
217-->[androidx.work:work-runtime:2.8.0] AndroidManifest.xml:50:13-36
218            android:permission="android.permission.BIND_JOB_SERVICE" />
218-->[androidx.work:work-runtime:2.8.0] AndroidManifest.xml:51:13-69
219        <service
219-->[androidx.work:work-runtime:2.8.0] AndroidManifest.xml:53:9-59:35
220            android:name="androidx.work.impl.foreground.SystemForegroundService"
220-->[androidx.work:work-runtime:2.8.0] AndroidManifest.xml:54:13-81
221            android:directBootAware="false"
221-->[androidx.work:work-runtime:2.8.0] AndroidManifest.xml:55:13-44
222            android:enabled="@bool/enable_system_foreground_service_default"
222-->[androidx.work:work-runtime:2.8.0] AndroidManifest.xml:56:13-77
223            android:exported="false" />
223-->[androidx.work:work-runtime:2.8.0] AndroidManifest.xml:57:13-37
224
225        <receiver
225-->[androidx.work:work-runtime:2.8.0] AndroidManifest.xml:61:9-66:35
226            android:name="androidx.work.impl.utils.ForceStopRunnable$BroadcastReceiver"
226-->[androidx.work:work-runtime:2.8.0] AndroidManifest.xml:62:13-88
227            android:directBootAware="false"
227-->[androidx.work:work-runtime:2.8.0] AndroidManifest.xml:63:13-44
228            android:enabled="true"
228-->[androidx.work:work-runtime:2.8.0] AndroidManifest.xml:64:13-35
229            android:exported="false" />
229-->[androidx.work:work-runtime:2.8.0] AndroidManifest.xml:65:13-37
230        <receiver
230-->[androidx.work:work-runtime:2.8.0] AndroidManifest.xml:67:9-77:20
231            android:name="androidx.work.impl.background.systemalarm.ConstraintProxy$BatteryChargingProxy"
231-->[androidx.work:work-runtime:2.8.0] AndroidManifest.xml:68:13-106
232            android:directBootAware="false"
232-->[androidx.work:work-runtime:2.8.0] AndroidManifest.xml:69:13-44
233            android:enabled="false"
233-->[androidx.work:work-runtime:2.8.0] AndroidManifest.xml:70:13-36
234            android:exported="false" >
234-->[androidx.work:work-runtime:2.8.0] AndroidManifest.xml:71:13-37
235            <intent-filter>
235-->[androidx.work:work-runtime:2.8.0] AndroidManifest.xml:73:13-76:29
236                <action android:name="android.intent.action.ACTION_POWER_CONNECTED" />
236-->[androidx.work:work-runtime:2.8.0] AndroidManifest.xml:74:17-87
236-->[androidx.work:work-runtime:2.8.0] AndroidManifest.xml:74:25-84
237                <action android:name="android.intent.action.ACTION_POWER_DISCONNECTED" />
237-->[androidx.work:work-runtime:2.8.0] AndroidManifest.xml:75:17-90
237-->[androidx.work:work-runtime:2.8.0] AndroidManifest.xml:75:25-87
238            </intent-filter>
239        </receiver>
240        <receiver
240-->[androidx.work:work-runtime:2.8.0] AndroidManifest.xml:78:9-88:20
241            android:name="androidx.work.impl.background.systemalarm.ConstraintProxy$BatteryNotLowProxy"
241-->[androidx.work:work-runtime:2.8.0] AndroidManifest.xml:79:13-104
242            android:directBootAware="false"
242-->[androidx.work:work-runtime:2.8.0] AndroidManifest.xml:80:13-44
243            android:enabled="false"
243-->[androidx.work:work-runtime:2.8.0] AndroidManifest.xml:81:13-36
244            android:exported="false" >
244-->[androidx.work:work-runtime:2.8.0] AndroidManifest.xml:82:13-37
245            <intent-filter>
245-->[androidx.work:work-runtime:2.8.0] AndroidManifest.xml:84:13-87:29
246                <action android:name="android.intent.action.BATTERY_OKAY" />
246-->[androidx.work:work-runtime:2.8.0] AndroidManifest.xml:85:17-77
246-->[androidx.work:work-runtime:2.8.0] AndroidManifest.xml:85:25-74
247                <action android:name="android.intent.action.BATTERY_LOW" />
247-->[androidx.work:work-runtime:2.8.0] AndroidManifest.xml:86:17-76
247-->[androidx.work:work-runtime:2.8.0] AndroidManifest.xml:86:25-73
248            </intent-filter>
249        </receiver>
250        <receiver
250-->[androidx.work:work-runtime:2.8.0] AndroidManifest.xml:89:9-99:20
251            android:name="androidx.work.impl.background.systemalarm.ConstraintProxy$StorageNotLowProxy"
251-->[androidx.work:work-runtime:2.8.0] AndroidManifest.xml:90:13-104
252            android:directBootAware="false"
252-->[androidx.work:work-runtime:2.8.0] AndroidManifest.xml:91:13-44
253            android:enabled="false"
253-->[androidx.work:work-runtime:2.8.0] AndroidManifest.xml:92:13-36
254            android:exported="false" >
254-->[androidx.work:work-runtime:2.8.0] AndroidManifest.xml:93:13-37
255            <intent-filter>
255-->[androidx.work:work-runtime:2.8.0] AndroidManifest.xml:95:13-98:29
256                <action android:name="android.intent.action.DEVICE_STORAGE_LOW" />
256-->[androidx.work:work-runtime:2.8.0] AndroidManifest.xml:96:17-83
256-->[androidx.work:work-runtime:2.8.0] AndroidManifest.xml:96:25-80
257                <action android:name="android.intent.action.DEVICE_STORAGE_OK" />
257-->[androidx.work:work-runtime:2.8.0] AndroidManifest.xml:97:17-82
257-->[androidx.work:work-runtime:2.8.0] AndroidManifest.xml:97:25-79
258            </intent-filter>
259        </receiver>
260        <receiver
260-->[androidx.work:work-runtime:2.8.0] AndroidManifest.xml:100:9-109:20
261            android:name="androidx.work.impl.background.systemalarm.ConstraintProxy$NetworkStateProxy"
261-->[androidx.work:work-runtime:2.8.0] AndroidManifest.xml:101:13-103
262            android:directBootAware="false"
262-->[androidx.work:work-runtime:2.8.0] AndroidManifest.xml:102:13-44
263            android:enabled="false"
263-->[androidx.work:work-runtime:2.8.0] AndroidManifest.xml:103:13-36
264            android:exported="false" >
264-->[androidx.work:work-runtime:2.8.0] AndroidManifest.xml:104:13-37
265            <intent-filter>
265-->[androidx.work:work-runtime:2.8.0] AndroidManifest.xml:106:13-108:29
266                <action android:name="android.net.conn.CONNECTIVITY_CHANGE" />
266-->[androidx.work:work-runtime:2.8.0] AndroidManifest.xml:107:17-79
266-->[androidx.work:work-runtime:2.8.0] AndroidManifest.xml:107:25-76
267            </intent-filter>
268        </receiver>
269        <receiver